#
# An unexpected error has been detected by Java Runtime Environment:
#
#  EXCEPTION_ACCESS_VIOLATION (0xc0000005) at pc=0x000000006dc8f0e0, pid=7308, tid=3676
#
# Java VM: Java HotSpot(TM) 64-Bit Server VM (11.3-b02 mixed mode windows-amd64)
# Problematic frame:
# V  [jvm.dll+0x3ff0e0]
#
# If you would like to submit a bug report, please visit:
#   http://java.sun.com/webapps/bugreport/crash.jsp
#

---------------  T H R E A D  ---------------

Current thread (0x000000004a2fdc00):  JavaThread "JDWP Transport Listener: dt_socket" daemon [_thread_in_vm, id=3676, stack(0x000000004ae20000,0x000000004af20000)]

siginfo: ExceptionCode=0xc0000005, reading address 0x0000000000000018

Registers:
EAX=0x000000000000001c, EBX=0x0000000000000000, ECX=0x0000000000000018, EDX=0x0000000000000004
ESP=0x000000004af1f7d0, EBP=0x000000004a2fb0f0, ESI=0x0000000000000018, EDI=0x0000000000000004
EIP=0x000000006dc8f0e0, EFLAGS=0x0000000000010202

Top of Stack: (sp=0x000000004af1f7d0)
0x000000004af1f7d0:   000000004a2fdc00 000000006da3a514
0x000000004af1f7e0:   000000004a2fdc00 0000000000000000
0x000000004af1f7f0:   000000004a2fddc0 000000006da4cffc
0x000000004af1f800:   000000004a2fddc0 000000004a2fdc00
0x000000004af1f810:   000000004a2f4678 000000004a2f4678
0x000000004af1f820:   000000004a2fb0f0 000000004a2fe2a0
0x000000004af1f830:   000000004a2fe2b0 000000004a2fe688
0x000000004af1f840:   000000004a2fdc00 0000000000000000
0x000000004af1f850:   000000004a2f4678 000000004af1f970
0x000000004af1f860:   0000000000000000 0000000000000000
0x000000004af1f870:   0000000000000000 0000000000000000
0x000000004af1f880:   0000000000000000 000000006d4c76da
0x000000004af1f890:   000000004af1f918 000000004af1f970
0x000000004af1f8a0:   000000004a2f4678 000000004a2fddc0
0x000000004af1f8b0:   000000004a2fddc0 000000006d31500a
0x000000004af1f8c0:   0000000000000000 000000004af1fed0 

Instructions: (pc=0x000000006dc8f0e0)
0x000000006dc8f0d0:   48 63 fa 7e 37 66 66 66 90 66 66 90 66 66 66 90
0x000000006dc8f0e0:   42 0f b7 14 49 8d 42 ff 66 3d 7e 00 77 05 41 ff 


Stack: [0x000000004ae20000,0x000000004af20000],  sp=0x000000004af1f7d0,  free space=1021k
Native frames: (J=compiled Java code, j=interpreted, Vv=VM code, C=native code)
V  [jvm.dll+0x3ff0e0]
C  0x000000004a2fe2a0


---------------  P R O C E S S  ---------------

Java Threads: ( => current thread )
  0x000000004a321800 JavaThread "Low Memory Detector" daemon [_thread_blocked, id=1768, stack(0x000000004b550000,0x000000004b650000)]
  0x000000004a31c400 JavaThread "CompilerThread1" daemon [_thread_blocked, id=5160, stack(0x000000004b450000,0x000000004b550000)]
  0x000000004a31b800 JavaThread "CompilerThread0" daemon [_thread_blocked, id=1088, stack(0x000000004b350000,0x000000004b450000)]
  0x000000004a305000 JavaThread "JDWP Command Reader" daemon [_thread_in_native, id=4200, stack(0x000000004b250000,0x000000004b350000)]
  0x000000004a304800 JavaThread "JDWP Event Helper Thread" daemon [_thread_blocked, id=5924, stack(0x000000004b150000,0x000000004b250000)]
=>0x000000004a2fdc00 JavaThread "JDWP Transport Listener: dt_socket" daemon [_thread_in_vm, id=3676, stack(0x000000004ae20000,0x000000004af20000)]
  0x000000004a2e8c00 JavaThread "Attach Listener" daemon [_thread_blocked, id=6212, stack(0x000000004a7e0000,0x000000004a8e0000)]
  0x000000004a2e7c00 JavaThread "Signal Dispatcher" daemon [_thread_blocked, id=8184, stack(0x000000004a6e0000,0x000000004a7e0000)]
  0x000000000052f400 JavaThread "Finalizer" daemon [_thread_blocked, id=7652, stack(0x000000004a5e0000,0x000000004a6e0000)]
  0x000000004a284400 JavaThread "Reference Handler" daemon [_thread_blocked, id=7060, stack(0x000000004a4e0000,0x000000004a5e0000)]
  0x000000000026c000 JavaThread "main" [_thread_blocked, id=5232, stack(0x00000000024a0000,0x00000000025a0000)]

Other Threads:
  0x000000004a280400 VMThread [stack: 0x000000004a3e0000,0x000000004a4e0000] [id=5776]
  0x000000004a325000 WatcherThread [stack: 0x000000004b650000,0x000000004b750000] [id=6524]

VM state:not at safepoint (normal execution)

VM Mutex/Monitor currently owned by a thread: None

Heap
 PSYoungGen      total 18816K, used 1295K [0x0000000034a60000, 0x0000000035f50000, 0x0000000049a60000)
  eden space 16192K, 8% used [0x0000000034a60000,0x0000000034ba3e80,0x0000000035a30000)
  from space 2624K, 0% used [0x0000000035cc0000,0x0000000035cc0000,0x0000000035f50000)
  to   space 2624K, 0% used [0x0000000035a30000,0x0000000035a30000,0x0000000035cc0000)
 PSOldGen        total 43008K, used 0K [0x000000000aa60000, 0x000000000d460000, 0x0000000034a60000)
  object space 43008K, 0% used [0x000000000aa60000,0x000000000aa60000,0x000000000d460000)
 PSPermGen       total 21248K, used 2977K [0x0000000005660000, 0x0000000006b20000, 0x000000000aa60000)
  object space 21248K, 14% used [0x0000000005660000,0x0000000005948598,0x0000000006b20000)

Dynamic libraries:
0x0000000000400000 - 0x000000000042e000 	E:\MyEclpse10\Common\binary\com.sun.java.jdk.win32.x86_64_1.6.0.013\bin\javaw.exe
0x0000000077970000 - 0x0000000077b19000 	C:\Windows\SYSTEM32\ntdll.dll
0x0000000077750000 - 0x000000007786f000 	C:\Windows\system32\kernel32.dll
0x000007fefdb00000 - 0x000007fefdb6b000 	C:\Windows\system32\KERNELBASE.dll
0x000007feffa70000 - 0x000007feffb4b000 	C:\Windows\system32\ADVAPI32.dll
0x000007fefdec0000 - 0x000007fefdf5f000 	C:\Windows\system32\msvcrt.dll
0x000007feff590000 - 0x000007feff5af000 	C:\Windows\SYSTEM32\sechost.dll
0x000007fefe110000 - 0x000007fefe23d000 	C:\Windows\system32\RPCRT4.dll
0x0000000077870000 - 0x000000007796a000 	C:\Windows\system32\USER32.dll
0x000007fefdde0000 - 0x000007fefde47000 	C:\Windows\system32\GDI32.dll
0x000007feff6f0000 - 0x000007feff6fe000 	C:\Windows\system32\LPK.dll
0x000007fefdc90000 - 0x000007fefdd59000 	C:\Windows\system32\USP10.dll
0x000007feffa20000 - 0x000007feffa4e000 	C:\Windows\system32\IMM32.DLL
0x000007feff910000 - 0x000007feffa19000 	C:\Windows\system32\MSCTF.dll
0x000000006d890000 - 0x000000006de48000 	E:\MyEclpse10\Common\binary\com.sun.java.jdk.win32.x86_64_1.6.0.013\jre\bin\server\jvm.dll
0x000007fefb840000 - 0x000007fefb87b000 	C:\Windows\system32\WINMM.dll
0x000000006d3b0000 - 0x000000006d3ba000 	E:\MyEclpse10\Common\binary\com.sun.java.jdk.win32.x86_64_1.6.0.013\jre\bin\hpi.dll
0x0000000077b40000 - 0x0000000077b47000 	C:\Windows\system32\PSAPI.DLL
0x000000006d4c0000 - 0x000000006d4f4000 	E:\MyEclpse10\Common\binary\com.sun.java.jdk.win32.x86_64_1.6.0.013\jre\bin\jdwp.dll
0x000000006d6d0000 - 0x000000006d6d8000 	E:\MyEclpse10\Common\binary\com.sun.java.jdk.win32.x86_64_1.6.0.013\jre\bin\npt.dll
0x000000006d800000 - 0x000000006d80e000 	E:\MyEclpse10\Common\binary\com.sun.java.jdk.win32.x86_64_1.6.0.013\jre\bin\verify.dll
0x000000006d450000 - 0x000000006d477000 	E:\MyEclpse10\Common\binary\com.sun.java.jdk.win32.x86_64_1.6.0.013\jre\bin\java.dll
0x000000006d850000 - 0x000000006d862000 	E:\MyEclpse10\Common\binary\com.sun.java.jdk.win32.x86_64_1.6.0.013\jre\bin\zip.dll
0x000000006d310000 - 0x000000006d319000 	E:\MyEclpse10\Common\binary\com.sun.java.jdk.win32.x86_64_1.6.0.013\jre\bin\dt_socket.dll
0x000007fefe040000 - 0x000007fefe08d000 	C:\Windows\system32\WS2_32.dll
0x000007fefdeb0000 - 0x000007fefdeb8000 	C:\Windows\system32\NSI.dll
0x000007fefbc50000 - 0x000007fefbc65000 	C:\Windows\system32\NLAapi.dll
0x000007fef99f0000 - 0x000007fef9a05000 	C:\Windows\system32\napinsp.dll
0x000007fef99d0000 - 0x000007fef99e9000 	C:\Windows\system32\pnrpnsp.dll
0x000007fefd0f0000 - 0x000007fefd145000 	C:\Windows\System32\mswsock.dll
0x000007fefcf70000 - 0x000007fefcfcb000 	C:\Windows\system32\DNSAPI.dll
0x000007fef99c0000 - 0x000007fef99cb000 	C:\Windows\System32\winrnr.dll
0x000007fefb6f0000 - 0x000007fefb717000 	C:\Windows\system32\IPHLPAPI.DLL
0x000007fefb5f0000 - 0x000007fefb5fb000 	C:\Windows\system32\WINNSI.DLL
0x000007fefb580000 - 0x000007fefb5d3000 	C:\Windows\System32\fwpuclnt.dll
0x000007fef99b0000 - 0x000007fef99b8000 	C:\Windows\system32\rasadhlp.dll
0x000007fefcaf0000 - 0x000007fefcaf7000 	C:\Windows\System32\wshtcpip.dll

VM Arguments:
jvm_args: -agentlib:jdwp=transport=dt_socket,suspend=y,address=localhost:3541 -Dfile.encoding=GBK 
java_command: crazyJava.ThreadTest1
Launcher Type: SUN_STANDARD

Environment Variables:
JAVA_HOME=E:\ProgramFiles\Java\jdk1.7.0_45
CLASSPATH=E:\ProgramFiles\Java\jdk1.7.0_45\lib;.E:\ProgramFiles\apache-ant-1.9.4\lib;
PATH=E:\MyEclpse10\Common\binary\com.sun.java.jdk.win32.x86_64_1.6.0.013\jre\bin;E:\ProgramFiles\Java\jdk1.7.0_45\bin;C:\Program Files (x86)\Calibre2\;C:\Program Files (x86)\Microsoft SQL Server\100\Tools\Binn\;C:\Program Files\Microsoft SQL Server\100\Tools\Binn\;C:\Program Files\Microsoft SQL Server\100\DTS\Binn\;E:\ProgramFiles\apache-ant-1.9.4\bin;E:\ProgramFiles\MySQL5.6.15\MySQL Utilities 1.3.5\;E:\ProgramFiles\apache-maven-3.0.5\bin;C:\Windows\System32;C:\Program Files (x86)\ValidatorBuddy;C:\Windows\system32;
USERNAME=Administrator
OS=Windows_NT
PROCESSOR_IDENTIFIER=Intel64 Family 6 Model 60 Stepping 3, GenuineIntel



---------------  S Y S T E M  ---------------

OS: Windows NT 6.1 Build 7601 Service Pack 1

CPU:total 4 (8 cores per cpu, 2 threads per core) family 6 model 12 stepping 3, cmov, cx8, fxsr, mmx, sse, sse2, sse3, ssse3, ht

Memory: 4k page, physical 4120748k(1363340k free), swap 8239652k(3752804k free)

vm_info: Java HotSpot(TM) 64-Bit Server VM (11.3-b02) for windows-amd64 JRE (1.6.0_13-b03), built on Mar  9 2009 10:50:19 by "java_re" with MS VC++ 8.0

time: Thu Mar 19 11:12:57 2015
elapsed time: 307 seconds

